0 info it worked if it ends with ok
1 verbose cli [ '/Users/sebastiansibelle/.nvm/v5.11.1/bin/node',
1 verbose cli   '/Users/sebastiansibelle/.nvm/v5.11.1/bin/npm',
1 verbose cli   'start' ]
2 info using npm@3.8.6
3 info using node@v5.11.1
4 verbose run-script [ 'prestart', 'start', 'poststart' ]
5 info lifecycle road-to-refuge-app@0.0.1~prestart: road-to-refuge-app@0.0.1
6 silly lifecycle road-to-refuge-app@0.0.1~prestart: no script for prestart, continuing
7 info lifecycle road-to-refuge-app@0.0.1~start: road-to-refuge-app@0.0.1
8 verbose lifecycle road-to-refuge-app@0.0.1~start: unsafe-perm in lifecycle true
9 verbose lifecycle road-to-refuge-app@0.0.1~start: PATH: /Users/sebastiansibelle/.nvm/v5.11.1/lib/node_modules/npm/bin/node-gyp-bin:/Users/sebastiansibelle/Sites/road-to-refuge-app/node_modules/.bin:/Users/sebastiansibelle/.nvm/v5.11.1/bin:/Users/sebastiansibelle/.rvm/gems/ruby-2.0.0-p0/bin:/Users/sebastiansibelle/.rvm/gems/ruby-2.0.0-p0@global/bin:/Users/sebastiansibelle/.rvm/rubies/ruby-2.0.0-p0/bin:/Users/sebastiansibelle/.rvm/bin:/usr/local/php5/bin:/Users/sebastiansibelle/.composer/vendor/bin:/Users/sebastiansibelle/.nvm/v5.11.1/bin:/opt/local/bin:/opt/local/sbin:~/bin:/usr/local/bin:/usr/local/sbin:/usr/bin:/bin:/usr/sbin:/sbin:/opt/X11/bin:/usr/texbin
10 verbose lifecycle road-to-refuge-app@0.0.1~start: CWD: /Users/sebastiansibelle/Sites/road-to-refuge-app
11 silly lifecycle road-to-refuge-app@0.0.1~start: Args: [ '-c', 'webpack-dev-server' ]
12 silly lifecycle road-to-refuge-app@0.0.1~start: Returned: code: 1  signal: null
13 info lifecycle road-to-refuge-app@0.0.1~start: Failed to exec start script
14 verbose stack Error: road-to-refuge-app@0.0.1 start: `webpack-dev-server`
14 verbose stack Exit status 1
14 verbose stack     at EventEmitter.<anonymous> (/Users/sebastiansibelle/.nvm/v5.11.1/lib/node_modules/npm/lib/utils/lifecycle.js:239:16)
14 verbose stack     at emitTwo (events.js:100:13)
14 verbose stack     at EventEmitter.emit (events.js:185:7)
14 verbose stack     at ChildProcess.<anonymous> (/Users/sebastiansibelle/.nvm/v5.11.1/lib/node_modules/npm/lib/utils/spawn.js:24:14)
14 verbose stack     at emitTwo (events.js:100:13)
14 verbose stack     at ChildProcess.emit (events.js:185:7)
14 verbose stack     at maybeClose (internal/child_process.js:850:16)
14 verbose stack     at Process.ChildProcess._handle.onexit (internal/child_process.js:215:5)
15 verbose pkgid road-to-refuge-app@0.0.1
16 verbose cwd /Users/sebastiansibelle/Sites/road-to-refuge-app/assets/js
17 error Darwin 13.4.0
18 error argv "/Users/sebastiansibelle/.nvm/v5.11.1/bin/node" "/Users/sebastiansibelle/.nvm/v5.11.1/bin/npm" "start"
19 error node v5.11.1
20 error npm  v3.8.6
21 error code ELIFECYCLE
22 error road-to-refuge-app@0.0.1 start: `webpack-dev-server`
22 error Exit status 1
23 error Failed at the road-to-refuge-app@0.0.1 start script 'webpack-dev-server'.
23 error Make sure you have the latest version of node.js and npm installed.
23 error If you do, this is most likely a problem with the road-to-refuge-app package,
23 error not with npm itself.
23 error Tell the author that this fails on your system:
23 error     webpack-dev-server
23 error You can get information on how to open an issue for this project with:
23 error     npm bugs road-to-refuge-app
23 error Or if that isn't available, you can get their info via:
23 error     npm owner ls road-to-refuge-app
23 error There is likely additional logging output above.
24 verbose exit [ 1, true ]
